<?xml version="1.0" encoding="UTF-8"?>
<!-- Generated by org.testng.reporters.JUnitXMLReporter -->
<testsuite hostname="LP-5CD9183VD3" name="Default test" tests="4" failures="0" timestamp="28 Aug 2021 11:52:00 GMT" time="0.07" errors="0">
  <testcase name="a" time="0.009" classname="com.example.Priority"/>
  <testcase name="c" time="0.002" classname="com.example.Priority"/>
  <testcase name="b" time="0.002" classname="com.example.Priority"/>
  <testcase name="d" time="0.002" classname="com.example.Priority"/>
</testsuite> <!-- Default test -->
