<?xml version="1.0" encoding="UTF-8"?>
<testng-results skipped="0" failed="0" total="1" passed="1">
  <reporter-output>
  </reporter-output>
  <suite name="Suite" duration-ms="30807" started-at="2021-08-31T06:44:45Z" finished-at="2021-08-31T06:45:16Z">
    <groups>
    </groups>
    <test name="Test" duration-ms="30807" started-at="2021-08-31T06:44:45Z" finished-at="2021-08-31T06:45:16Z">
      <class name="extent_Report.extent_Script1">
        <test-method status="PASS" signature="test()[pri:0, instance:extent_Report.extent_Script1@e25b2fe]" name="test" duration-ms="30120" started-at="2021-08-31T12:14:46Z" finished-at="2021-08-31T12:15:16Z">
          <reporter-output>
          </reporter-output>
        </test-method> <!-- test -->
      </class> <!-- extent_Report.extent_Script1 -->
    </test> <!-- Test -->
  </suite> <!-- Suite -->
</testng-results>
